<?xml version="1.0" encoding="UTF-8"?>
<testsuite name="MainTest" tests="3" skipped="0" failures="0" errors="0" timestamp="2022-05-17T01:00:06" hostname="DESKTOP-VJUFQMQ" time="0.123">
  <properties/>
  <testcase name="Testes com menores de idade" classname="MainTest" time="0.054"/>
  <testcase name="Teste de Convite" classname="MainTest" time="0.0"/>
  <testcase name="Teste de codigos" classname="MainTest" time="0.067"/>
  <system-out><![CDATA[]]></system-out>
  <system-err><![CDATA[]]></system-err>
</testsuite>
